[0.249s] DEBUG:colcon:Command line arguments: ['/usr/bin/colcon', 'build']
[0.249s] DEBUG:colcon:Parsed command line arguments: Namespace(allow_overriding=[], ament_cmake_args=None, base_paths=['.'], build_base='build', catkin_cmake_args=None, catkin_skip_building_tests=False, cmake_args=None, cmake_clean_cache=False, cmake_clean_first=False, cmake_force_configure=False, cmake_target=None, cmake_target_skip_unavailable=False, continue_on_error=False, event_handlers=None, executor='parallel', ignore_user_meta=False, install_base='install', log_base=None, log_level=None, main=<bound method BuildVerb.main of <colcon_core.verb.build.BuildVerb object at 0x73da6c5a9190>>, merge_install=False, metas=['./colcon.meta'], packages_above=None, packages_above_and_dependencies=None, packages_above_depth=None, packages_end=None, packages_ignore=None, packages_ignore_regex=None, packages_select=None, packages_select_build_failed=False, packages_select_by_dep=None, packages_select_regex=None, packages_select_test_failures=False, packages_skip=None, packages_skip_build_finished=False, packages_skip_by_dep=None, packages_skip_regex=None, packages_skip_test_passed=False, packages_skip_up_to=None, packages_start=None, packages_up_to=None, packages_up_to_regex=None, parallel_workers=12, paths=None, symlink_install=False, test_result_base=None, verb_extension=<colcon_core.verb.build.BuildVerb object at 0x73da6c5a9190>, verb_name='build', verb_parser=<colcon_defaults.argument_parser.defaults.DefaultArgumentsDecorator object at 0x73da6c46f550>)
[0.404s] Level 1:colcon.colcon_core.package_discovery:discover_packages(colcon_meta) check parameters
[0.404s] Level 1:colcon.colcon_core.package_discovery:discover_packages(recursive) check parameters
[0.404s] Level 1:colcon.colcon_core.package_discovery:discover_packages(ignore) check parameters
[0.404s] Level 1:colcon.colcon_core.package_discovery:discover_packages(path) check parameters
[0.404s] Level 1:colcon.colcon_core.package_discovery:discover_packages(colcon_meta) discover
[0.404s] Level 1:colcon.colcon_core.package_discovery:discover_packages(recursive) discover
[0.404s] INFO:colcon.colcon_core.package_discovery:Crawling recursively for packages in '/home/workstation/ros2_ws/src/video'
[0.404s] Level 1:colcon.colcon_core.package_identification:_identify(.) by extensions ['ignore', 'ignore_ament_install']
[0.404s] Level 1:colcon.colcon_core.package_identification:_identify(.) by extension 'ignore'
[0.404s] Level 1:colcon.colcon_core.package_identification:_identify(.) by extension 'ignore_ament_install'
[0.404s] Level 1:colcon.colcon_core.package_identification:_identify(.) by extensions ['colcon_pkg']
[0.404s] Level 1:colcon.colcon_core.package_identification:_identify(.) by extension 'colcon_pkg'
[0.404s] Level 1:colcon.colcon_core.package_identification:_identify(.) by extensions ['colcon_meta']
[0.404s] Level 1:colcon.colcon_core.package_identification:_identify(.) by extension 'colcon_meta'
[0.404s] Level 1:colcon.colcon_core.package_identification:_identify(.) by extensions ['ros']
[0.404s] Level 1:colcon.colcon_core.package_identification:_identify(.) by extension 'ros'
[0.416s] Level 1:colcon.colcon_core.package_identification:_identify(.) by extensions ['cmake', 'python']
[0.416s] Level 1:colcon.colcon_core.package_identification:_identify(.) by extension 'cmake'
[0.416s] Level 1:colcon.colcon_core.package_identification:_identify(.) by extension 'python'
[0.416s] Level 1:colcon.colcon_core.package_identification:_identify(.) by extensions ['python_setup_py']
[0.416s] Level 1:colcon.colcon_core.package_identification:_identify(.) by extension 'python_setup_py'
[0.417s] Level 1:colcon.colcon_core.package_identification:_identify(build) by extensions ['ignore', 'ignore_ament_install']
[0.417s] Level 1:colcon.colcon_core.package_identification:_identify(build) by extension 'ignore'
[0.417s] Level 1:colcon.colcon_core.package_identification:_identify(build) ignored
[0.417s] Level 1:colcon.colcon_core.package_identification:_identify(go2_video_decoder) by extensions ['ignore', 'ignore_ament_install']
[0.417s] Level 1:colcon.colcon_core.package_identification:_identify(go2_video_decoder) by extension 'ignore'
[0.417s] Level 1:colcon.colcon_core.package_identification:_identify(go2_video_decoder) by extension 'ignore_ament_install'
[0.417s] Level 1:colcon.colcon_core.package_identification:_identify(go2_video_decoder) by extensions ['colcon_pkg']
[0.417s] Level 1:colcon.colcon_core.package_identification:_identify(go2_video_decoder) by extension 'colcon_pkg'
[0.417s] Level 1:colcon.colcon_core.package_identification:_identify(go2_video_decoder) by extensions ['colcon_meta']
[0.417s] Level 1:colcon.colcon_core.package_identification:_identify(go2_video_decoder) by extension 'colcon_meta'
[0.417s] Level 1:colcon.colcon_core.package_identification:_identify(go2_video_decoder) by extensions ['ros']
[0.417s] Level 1:colcon.colcon_core.package_identification:_identify(go2_video_decoder) by extension 'ros'
[0.421s] DEBUG:colcon.colcon_core.package_identification:Package 'go2_video_decoder' with type 'ros.ament_cmake' and name 'go2_video_decoder'
[0.421s] Level 1:colcon.colcon_core.package_identification:_identify(install) by extensions ['ignore', 'ignore_ament_install']
[0.421s] Level 1:colcon.colcon_core.package_identification:_identify(install) by extension 'ignore'
[0.421s] Level 1:colcon.colcon_core.package_identification:_identify(install) ignored
[0.421s] Level 1:colcon.colcon_core.package_identification:_identify(log) by extensions ['ignore', 'ignore_ament_install']
[0.421s] Level 1:colcon.colcon_core.package_identification:_identify(log) by extension 'ignore'
[0.421s] Level 1:colcon.colcon_core.package_identification:_identify(log) ignored
[0.421s] Level 1:colcon.colcon_core.package_discovery:discover_packages(recursive) using defaults
[0.421s] Level 1:colcon.colcon_core.package_discovery:discover_packages(ignore) discover
[0.421s] Level 1:colcon.colcon_core.package_discovery:discover_packages(ignore) using defaults
[0.421s] Level 1:colcon.colcon_core.package_discovery:discover_packages(path) discover
[0.422s] Level 1:colcon.colcon_core.package_discovery:discover_packages(path) using defaults
[0.437s] Level 1:colcon.colcon_core.package_discovery:discover_packages(prefix_path) check parameters
[0.437s] Level 1:colcon.colcon_core.package_discovery:discover_packages(prefix_path) discover
[0.438s] WARNING:colcon.colcon_ros.prefix_path.ament:The path '/home/workstation/ros2_ws/install/state_estimator' in the environment variable AMENT_PREFIX_PATH doesn't exist
[0.439s] WARNING:colcon.colcon_ros.prefix_path.ament:The path '/home/workstation/ros2_ws/install/state_estimator_msgs' in the environment variable AMENT_PREFIX_PATH doesn't exist
[0.439s] WARNING:colcon.colcon_ros.prefix_path.ament:The path '/home/workstation/ros2_ws/install/kiss_icp' in the environment variable AMENT_PREFIX_PATH doesn't exist
[0.439s] WARNING:colcon.colcon_ros.prefix_path.ament:The path '/home/workstation/ros2_ws/install/iit_commons' in the environment variable AMENT_PREFIX_PATH doesn't exist
[0.439s] WARNING:colcon.colcon_ros.prefix_path.ament:The path '/home/workstation/ros2_ws/install/go2_topics' in the environment variable AMENT_PREFIX_PATH doesn't exist
[0.439s] WARNING:colcon.colcon_ros.prefix_path.ament:The path '/home/workstation/ros2_ws/install/go2_description' in the environment variable AMENT_PREFIX_PATH doesn't exist
[0.439s] WARNING:colcon.colcon_ros.prefix_path.ament:The path '/home/workstation/ros2_ws/install/go2_cpp' in the environment variable AMENT_PREFIX_PATH doesn't exist
[0.439s] WARNING:colcon.colcon_ros.prefix_path.catkin:The path '/home/workstation/ros2_ws/install/state_estimator' in the environment variable CMAKE_PREFIX_PATH doesn't exist
[0.439s] WARNING:colcon.colcon_ros.prefix_path.catkin:The path '/home/workstation/ros2_ws/install/state_estimator_msgs' in the environment variable CMAKE_PREFIX_PATH doesn't exist
[0.439s] WARNING:colcon.colcon_ros.prefix_path.catkin:The path '/home/workstation/ros2_ws/install/kiss_icp' in the environment variable CMAKE_PREFIX_PATH doesn't exist
[0.440s] WARNING:colcon.colcon_ros.prefix_path.catkin:The path '/home/workstation/ros2_ws/install/iit_commons' in the environment variable CMAKE_PREFIX_PATH doesn't exist
[0.440s] WARNING:colcon.colcon_ros.prefix_path.catkin:The path '/home/workstation/ros2_ws/install/go2_description' in the environment variable CMAKE_PREFIX_PATH doesn't exist
[0.440s] WARNING:colcon.colcon_ros.prefix_path.catkin:The path '/home/workstation/ros2_ws/install/go2_cpp' in the environment variable CMAKE_PREFIX_PATH doesn't exist
[0.441s] DEBUG:colcon.colcon_installed_package_information.package_discovery:Found 2 installed packages in /home/workstation/ros2_ws/install
[0.441s] DEBUG:colcon.colcon_installed_package_information.package_discovery:Found 2 installed packages in /home/workstation/cyclonedds_ws/install
[0.442s] DEBUG:colcon.colcon_installed_package_information.package_discovery:Found 5 installed packages in /home/workstation/mujoco/unitree_ros2/cyclonedds_ws/install
[0.443s] DEBUG:colcon.colcon_installed_package_information.package_discovery:Found 300 installed packages in /opt/ros/foxy
[0.445s] Level 1:colcon.colcon_core.package_discovery:discover_packages(prefix_path) using defaults
[0.534s] Level 5:colcon.colcon_core.verb:set package 'go2_video_decoder' build argument 'cmake_args' from command line to 'None'
[0.534s] Level 5:colcon.colcon_core.verb:set package 'go2_video_decoder' build argument 'cmake_target' from command line to 'None'
[0.534s] Level 5:colcon.colcon_core.verb:set package 'go2_video_decoder' build argument 'cmake_target_skip_unavailable' from command line to 'False'
[0.534s] Level 5:colcon.colcon_core.verb:set package 'go2_video_decoder' build argument 'cmake_clean_cache' from command line to 'False'
[0.535s] Level 5:colcon.colcon_core.verb:set package 'go2_video_decoder' build argument 'cmake_clean_first' from command line to 'False'
[0.535s] Level 5:colcon.colcon_core.verb:set package 'go2_video_decoder' build argument 'cmake_force_configure' from command line to 'False'
[0.535s] Level 5:colcon.colcon_core.verb:set package 'go2_video_decoder' build argument 'ament_cmake_args' from command line to 'None'
[0.535s] Level 5:colcon.colcon_core.verb:set package 'go2_video_decoder' build argument 'catkin_cmake_args' from command line to 'None'
[0.535s] Level 5:colcon.colcon_core.verb:set package 'go2_video_decoder' build argument 'catkin_skip_building_tests' from command line to 'False'
[0.535s] DEBUG:colcon.colcon_core.verb:Building package 'go2_video_decoder' with the following arguments: {'ament_cmake_args': None, 'build_base': '/home/workstation/ros2_ws/src/video/build/go2_video_decoder', 'catkin_cmake_args': None, 'catkin_skip_building_tests': False, 'cmake_args': None, 'cmake_clean_cache': False, 'cmake_clean_first': False, 'cmake_force_configure': False, 'cmake_target': None, 'cmake_target_skip_unavailable': False, 'install_base': '/home/workstation/ros2_ws/src/video/install/go2_video_decoder', 'merge_install': False, 'path': '/home/workstation/ros2_ws/src/video/go2_video_decoder', 'symlink_install': False, 'test_result_base': None}
[0.535s] INFO:colcon.colcon_core.executor:Executing jobs using 'parallel' executor
[0.536s] DEBUG:colcon.colcon_parallel_executor.executor.parallel:run_until_complete
[0.537s] INFO:colcon.colcon_ros.task.ament_cmake.build:Building ROS package in '/home/workstation/ros2_ws/src/video/go2_video_decoder' with build type 'ament_cmake'
[0.537s] INFO:colcon.colcon_cmake.task.cmake.build:Building CMake package in '/home/workstation/ros2_ws/src/video/go2_video_decoder'
[0.539s] INFO:colcon.colcon_core.plugin_system:Skipping extension 'colcon_core.shell.bat': Not used on non-Windows systems
[0.539s] INFO:colcon.colcon_core.shell:Skip shell extension 'powershell' for command environment: Not usable outside of PowerShell
[0.539s] DEBUG:colcon.colcon_core.shell:Skip shell extension 'dsv' for command environment
[0.559s] DEBUG:colcon.colcon_core.event_handler.log_command:Invoking command in '/home/workstation/ros2_ws/src/video/build/go2_video_decoder': CMAKE_PREFIX_PATH=${CMAKE_PREFIX_PATH}:/home/workstation/ros2_ws/install/go2_topics:/opt/ros/foxy /usr/bin/cmake /home/workstation/ros2_ws/src/video/go2_video_decoder -DCMAKE_INSTALL_PREFIX=/home/workstation/ros2_ws/src/video/install/go2_video_decoder
[6.859s] DEBUG:colcon.colcon_core.event_handler.log_command:Invoked command in '/home/workstation/ros2_ws/src/video/build/go2_video_decoder' returned '0': CMAKE_PREFIX_PATH=${CMAKE_PREFIX_PATH}:/home/workstation/ros2_ws/install/go2_topics:/opt/ros/foxy /usr/bin/cmake /home/workstation/ros2_ws/src/video/go2_video_decoder -DCMAKE_INSTALL_PREFIX=/home/workstation/ros2_ws/src/video/install/go2_video_decoder
[6.864s] DEBUG:colcon.colcon_core.event_handler.log_command:Invoking command in '/home/workstation/ros2_ws/src/video/build/go2_video_decoder': CMAKE_PREFIX_PATH=${CMAKE_PREFIX_PATH}:/home/workstation/ros2_ws/install/go2_topics:/opt/ros/foxy /usr/bin/cmake --build /home/workstation/ros2_ws/src/video/build/go2_video_decoder -- -j12 -l12
[18.379s] DEBUG:colcon.colcon_core.event_handler.log_command:Invoked command in '/home/workstation/ros2_ws/src/video/build/go2_video_decoder' returned '0': CMAKE_PREFIX_PATH=${CMAKE_PREFIX_PATH}:/home/workstation/ros2_ws/install/go2_topics:/opt/ros/foxy /usr/bin/cmake --build /home/workstation/ros2_ws/src/video/build/go2_video_decoder -- -j12 -l12
[18.399s] DEBUG:colcon.colcon_core.event_handler.log_command:Invoking command in '/home/workstation/ros2_ws/src/video/build/go2_video_decoder': CMAKE_PREFIX_PATH=${CMAKE_PREFIX_PATH}:/home/workstation/ros2_ws/install/go2_topics:/opt/ros/foxy /usr/bin/cmake --install /home/workstation/ros2_ws/src/video/build/go2_video_decoder
[18.427s] Level 1:colcon.colcon_core.environment:create_environment_scripts_only(go2_video_decoder)
[18.428s] DEBUG:colcon.colcon_core.event_handler.log_command:Invoked command in '/home/workstation/ros2_ws/src/video/build/go2_video_decoder' returned '0': CMAKE_PREFIX_PATH=${CMAKE_PREFIX_PATH}:/home/workstation/ros2_ws/install/go2_topics:/opt/ros/foxy /usr/bin/cmake --install /home/workstation/ros2_ws/src/video/build/go2_video_decoder
[18.431s] Level 1:colcon.colcon_core.environment:checking '/home/workstation/ros2_ws/src/video/install/go2_video_decoder' for CMake module files
[18.432s] Level 1:colcon.colcon_core.environment:checking '/home/workstation/ros2_ws/src/video/install/go2_video_decoder' for CMake config files
[18.432s] Level 1:colcon.colcon_core.shell:create_environment_hook('go2_video_decoder', 'cmake_prefix_path')
[18.433s] INFO:colcon.colcon_core.shell:Creating environment hook '/home/workstation/ros2_ws/src/video/install/go2_video_decoder/share/go2_video_decoder/hook/cmake_prefix_path.ps1'
[18.435s] INFO:colcon.colcon_core.shell:Creating environment descriptor '/home/workstation/ros2_ws/src/video/install/go2_video_decoder/share/go2_video_decoder/hook/cmake_prefix_path.dsv'
[18.435s] INFO:colcon.colcon_core.shell:Creating environment hook '/home/workstation/ros2_ws/src/video/install/go2_video_decoder/share/go2_video_decoder/hook/cmake_prefix_path.sh'
[18.436s] Level 1:colcon.colcon_core.environment:checking '/home/workstation/ros2_ws/src/video/install/go2_video_decoder/lib'
[18.437s] Level 1:colcon.colcon_core.environment:checking '/home/workstation/ros2_ws/src/video/install/go2_video_decoder/bin'
[18.437s] Level 1:colcon.colcon_core.environment:checking '/home/workstation/ros2_ws/src/video/install/go2_video_decoder/lib/pkgconfig/go2_video_decoder.pc'
[18.437s] Level 1:colcon.colcon_core.environment:checking '/home/workstation/ros2_ws/src/video/install/go2_video_decoder/lib/python3.8/site-packages'
[18.437s] Level 1:colcon.colcon_core.environment:checking '/home/workstation/ros2_ws/src/video/install/go2_video_decoder/bin'
[18.438s] INFO:colcon.colcon_core.shell:Creating package script '/home/workstation/ros2_ws/src/video/install/go2_video_decoder/share/go2_video_decoder/package.ps1'
[18.438s] INFO:colcon.colcon_core.shell:Creating package descriptor '/home/workstation/ros2_ws/src/video/install/go2_video_decoder/share/go2_video_decoder/package.dsv'
[18.439s] INFO:colcon.colcon_core.shell:Creating package script '/home/workstation/ros2_ws/src/video/install/go2_video_decoder/share/go2_video_decoder/package.sh'
[18.440s] INFO:colcon.colcon_core.shell:Creating package script '/home/workstation/ros2_ws/src/video/install/go2_video_decoder/share/go2_video_decoder/package.bash'
[18.440s] INFO:colcon.colcon_core.shell:Creating package script '/home/workstation/ros2_ws/src/video/install/go2_video_decoder/share/go2_video_decoder/package.zsh'
[18.441s] Level 1:colcon.colcon_core.environment:create_file_with_runtime_dependencies(/home/workstation/ros2_ws/src/video/install/go2_video_decoder/share/colcon-core/packages/go2_video_decoder)
[18.442s] Level 1:colcon.colcon_core.environment:create_environment_scripts_only(go2_video_decoder)
[18.443s] Level 1:colcon.colcon_core.environment:checking '/home/workstation/ros2_ws/src/video/install/go2_video_decoder' for CMake module files
[18.443s] Level 1:colcon.colcon_core.environment:checking '/home/workstation/ros2_ws/src/video/install/go2_video_decoder' for CMake config files
[18.443s] Level 1:colcon.colcon_core.shell:create_environment_hook('go2_video_decoder', 'cmake_prefix_path')
[18.443s] INFO:colcon.colcon_core.shell:Creating environment hook '/home/workstation/ros2_ws/src/video/install/go2_video_decoder/share/go2_video_decoder/hook/cmake_prefix_path.ps1'
[18.444s] INFO:colcon.colcon_core.shell:Creating environment descriptor '/home/workstation/ros2_ws/src/video/install/go2_video_decoder/share/go2_video_decoder/hook/cmake_prefix_path.dsv'
[18.444s] INFO:colcon.colcon_core.shell:Creating environment hook '/home/workstation/ros2_ws/src/video/install/go2_video_decoder/share/go2_video_decoder/hook/cmake_prefix_path.sh'
[18.445s] Level 1:colcon.colcon_core.environment:checking '/home/workstation/ros2_ws/src/video/install/go2_video_decoder/lib'
[18.445s] Level 1:colcon.colcon_core.environment:checking '/home/workstation/ros2_ws/src/video/install/go2_video_decoder/bin'
[18.445s] Level 1:colcon.colcon_core.environment:checking '/home/workstation/ros2_ws/src/video/install/go2_video_decoder/lib/pkgconfig/go2_video_decoder.pc'
[18.445s] Level 1:colcon.colcon_core.environment:checking '/home/workstation/ros2_ws/src/video/install/go2_video_decoder/lib/python3.8/site-packages'
[18.446s] Level 1:colcon.colcon_core.environment:checking '/home/workstation/ros2_ws/src/video/install/go2_video_decoder/bin'
[18.446s] INFO:colcon.colcon_core.shell:Creating package script '/home/workstation/ros2_ws/src/video/install/go2_video_decoder/share/go2_video_decoder/package.ps1'
[18.447s] INFO:colcon.colcon_core.shell:Creating package descriptor '/home/workstation/ros2_ws/src/video/install/go2_video_decoder/share/go2_video_decoder/package.dsv'
[18.447s] INFO:colcon.colcon_core.shell:Creating package script '/home/workstation/ros2_ws/src/video/install/go2_video_decoder/share/go2_video_decoder/package.sh'
[18.448s] INFO:colcon.colcon_core.shell:Creating package script '/home/workstation/ros2_ws/src/video/install/go2_video_decoder/share/go2_video_decoder/package.bash'
[18.449s] INFO:colcon.colcon_core.shell:Creating package script '/home/workstation/ros2_ws/src/video/install/go2_video_decoder/share/go2_video_decoder/package.zsh'
[18.449s] Level 1:colcon.colcon_core.environment:create_file_with_runtime_dependencies(/home/workstation/ros2_ws/src/video/install/go2_video_decoder/share/colcon-core/packages/go2_video_decoder)
[18.450s] DEBUG:colcon.colcon_parallel_executor.executor.parallel:closing loop
[18.450s] DEBUG:colcon.colcon_parallel_executor.executor.parallel:loop closed
[18.451s] DEBUG:colcon.colcon_parallel_executor.executor.parallel:run_until_complete finished with '0'
[18.451s] DEBUG:colcon.colcon_core.event_reactor:joining thread
[18.485s] INFO:colcon.colcon_core.plugin_system:Skipping extension 'colcon_notification.desktop_notification.notify_send': Could not find 'notify-send'
[18.485s] INFO:colcon.colcon_core.plugin_system:Skipping extension 'colcon_notification.desktop_notification.terminal_notifier': Not used on non-Darwin systems
[18.485s] INFO:colcon.colcon_core.plugin_system:Skipping extension 'colcon_notification.desktop_notification.win32': Not used on non-Windows systems
[18.485s] INFO:colcon.colcon_notification.desktop_notification:Sending desktop notification using 'notify2'
[18.487s] DEBUG:colcon.colcon_notification.desktop_notification.notify2:Failed to initialize notify2: org.freedesktop.DBus.Error.ServiceUnknown: The name org.freedesktop.Notifications was not provided by any .service files
[18.487s] DEBUG:colcon.colcon_core.event_reactor:joined thread
[18.487s] INFO:colcon.colcon_core.shell:Creating prefix script '/home/workstation/ros2_ws/src/video/install/local_setup.ps1'
[18.488s] INFO:colcon.colcon_core.shell:Creating prefix util module '/home/workstation/ros2_ws/src/video/install/_local_setup_util_ps1.py'
[18.489s] INFO:colcon.colcon_core.shell:Creating prefix chain script '/home/workstation/ros2_ws/src/video/install/setup.ps1'
[18.491s] INFO:colcon.colcon_core.shell:Creating prefix script '/home/workstation/ros2_ws/src/video/install/local_setup.sh'
[18.491s] INFO:colcon.colcon_core.shell:Creating prefix util module '/home/workstation/ros2_ws/src/video/install/_local_setup_util_sh.py'
[18.492s] INFO:colcon.colcon_core.shell:Creating prefix chain script '/home/workstation/ros2_ws/src/video/install/setup.sh'
[18.493s] INFO:colcon.colcon_core.shell:Creating prefix script '/home/workstation/ros2_ws/src/video/install/local_setup.bash'
[18.494s] INFO:colcon.colcon_core.shell:Creating prefix chain script '/home/workstation/ros2_ws/src/video/install/setup.bash'
[18.495s] INFO:colcon.colcon_core.shell:Creating prefix script '/home/workstation/ros2_ws/src/video/install/local_setup.zsh'
[18.496s] INFO:colcon.colcon_core.shell:Creating prefix chain script '/home/workstation/ros2_ws/src/video/install/setup.zsh'
