-- The C compiler identification is GNU 9.4.0
-- The CXX compiler identification is GNU 9.4.0
-- Check for working C compiler: /usr/bin/cc
-- Check for working C compiler: /usr/bin/cc -- works
-- Detecting C compiler ABI info
-- Detecting C compiler ABI info - done
-- Detecting C compile features
-- Detecting C compile features - done
-- Check for working CXX compiler: /usr/bin/c++
-- Check for working CXX compiler: /usr/bin/c++ -- works
-- Detecting CXX compiler ABI info
-- Detecting CXX compiler ABI info - done
-- Detecting CXX compile features
-- Detecting CXX compile features - done
-- Found ament_cmake: 0.9.12 (/opt/ros/foxy/share/ament_cmake/cmake)
-- Found PythonInterp: /usr/bin/python3 (found suitable version "3.8.10", minimum required is "3") 
-- Using PYTHON_EXECUTABLE: /usr/bin/python3
-- Found rclcpp: 2.4.3 (/opt/ros/foxy/share/rclcpp/cmake)
-- Using all available rosidl_typesupport_c: rosidl_typesupport_fastrtps_c;rosidl_typesupport_introspection_c
-- Found rosidl_adapter: 1.3.1 (/opt/ros/foxy/share/rosidl_adapter/cmake)
-- Found OpenSSL: /usr/lib/x86_64-linux-gnu/libcrypto.so (found version "1.1.1f")  
-- Found FastRTPS: /opt/ros/foxy/include  
-- Using all available rosidl_typesupport_cpp: rosidl_typesupport_fastrtps_cpp;rosidl_typesupport_introspection_cpp
-- Found rmw_implementation_cmake: 1.0.4 (/opt/ros/foxy/share/rmw_implementation_cmake/cmake)
-- Using RMW implementation 'rmw_cyclonedds_cpp' as default
-- Looking for pthread.h
-- Looking for pthread.h - found
-- Performing Test CMAKE_HAVE_LIBC_PTHREAD
-- Performing Test CMAKE_HAVE_LIBC_PTHREAD - Failed
-- Looking for pthread_create in pthreads
-- Looking for pthread_create in pthreads - not found
-- Looking for pthread_create in pthread
-- Looking for pthread_create in pthread - found
-- Found Threads: TRUE  
-- Found sensor_msgs: 2.0.5 (/opt/ros/foxy/share/sensor_msgs/cmake)
-- Found cv_bridge: 3.0.7 (/opt/ros/foxy/share/cv_bridge/cmake)
-- Found OpenCV: /usr (found version "4.2.0") 
-- Found unitree_go: 0.0.1 (/home/workstation/ros2_ws/install/unitree_go/share/unitree_go/cmake)
-- Found PkgConfig: /usr/bin/pkg-config (found version "0.29.1") 
-- Checking for module 'gstreamer-1.0'
--   Found gstreamer-1.0, version 1.16.3
-- Checking for module 'gstreamer-app-1.0'
--   Found gstreamer-app-1.0, version 1.16.3
-- Configuring done
-- Generating done
-- Build files have been written to: /home/workstation/ros2_ws/src/video/build/go2_video_decoder
[35m[1mScanning dependencies of target go2_video_decoder[0m
[ 25%] [32mBuilding CXX object CMakeFiles/go2_video_decoder.dir/src/go2_video_decoder.cpp.o[0m
[01m[K/home/workstation/ros2_ws/src/video/go2_video_decoder/src/go2_video_decoder.cpp:[m[K In static member function ‘[01m[Kstatic gboolean go2_video_decoder::Go2VideoDecoder::busCall(GstBus*, GstMessage*, gpointer)[m[K’:
[01m[K/home/workstation/ros2_ws/src/video/go2_video_decoder/src/go2_video_decoder.cpp:403:43:[m[K [01;35m[Kwarning: [m[Kunused parameter ‘[01m[Kbus[m[K’ [[01;35m[K-Wunused-parameter[m[K]
  403 | gboolean Go2VideoDecoder::busCall([01;35m[KGstBus* bus[m[K, GstMessage* msg, gpointer data) {
      |                                   [01;35m[K~~~~~~~~^~~[m[K
[ 50%] [32m[1mLinking CXX static library libgo2_video_decoder.a[0m
[ 50%] Built target go2_video_decoder
[35m[1mScanning dependencies of target go2_video_decoder_node[0m
[ 75%] [32mBuilding CXX object CMakeFiles/go2_video_decoder_node.dir/src/go2_video_decoder_node.cpp.o[0m
[01m[K/home/workstation/ros2_ws/src/video/go2_video_decoder/src/go2_video_decoder_node.cpp:[m[K In static member function ‘[01m[Kstatic std::string Go2VideoDecoderNode::summarizeH264NALs(const uint8_t*, size_t)[m[K’:
[01m[K/home/workstation/ros2_ws/src/video/go2_video_decoder/src/go2_video_decoder_node.cpp:127:10:[m[K [01;35m[Kwarning: [m[Kvariable ‘[01m[KnalName[m[K’ set but not used [[01;35m[K-Wunused-but-set-variable[m[K]
  127 |     auto [01;35m[KnalName[m[K = [](int t) {
      |          [01;35m[K^~~~~~~[m[K
[01m[K/home/workstation/ros2_ws/src/video/go2_video_decoder/src/go2_video_decoder_node.cpp:[m[K In member function ‘[01m[Kvoid Go2VideoDecoderNode::videoDataCallback(unitree_go::msg::Go2FrontVideoData_<std::allocator<void> >::SharedPtr)[m[K’:
[01m[K/home/workstation/ros2_ws/src/video/go2_video_decoder/src/go2_video_decoder_node.cpp:190:16:[m[K [01;35m[Kwarning: [m[Kunused variable ‘[01m[Klog_count[m[K’ [[01;35m[K-Wunused-variable[m[K]
  190 |     static int [01;35m[Klog_count[m[K = 0;
      |                [01;35m[K^~~~~~~~~[m[K
[100%] [32m[1mLinking CXX executable go2_video_decoder_node[0m
[100%] Built target go2_video_decoder_node
-- Install configuration: ""
-- Installing: /home/workstation/ros2_ws/src/video/install/go2_video_decoder/lib/libgo2_video_decoder.a
-- Installing: /home/workstation/ros2_ws/src/video/install/go2_video_decoder/lib/go2_video_decoder/go2_video_decoder_node
-- Set runtime path of "/home/workstation/ros2_ws/src/video/install/go2_video_decoder/lib/go2_video_decoder/go2_video_decoder_node" to ""
-- Installing: /home/workstation/ros2_ws/src/video/install/go2_video_decoder/include
-- Installing: /home/workstation/ros2_ws/src/video/install/go2_video_decoder/include/go2_video_decoder
-- Installing: /home/workstation/ros2_ws/src/video/install/go2_video_decoder/include/go2_video_decoder/go2_video_decoder.hpp
-- Installing: /home/workstation/ros2_ws/src/video/install/go2_video_decoder/share/go2_video_decoder/environment/library_path.sh
-- Installing: /home/workstation/ros2_ws/src/video/install/go2_video_decoder/share/go2_video_decoder/environment/library_path.dsv
-- Installing: /home/workstation/ros2_ws/src/video/install/go2_video_decoder/share/ament_index/resource_index/package_run_dependencies/go2_video_decoder
-- Installing: /home/workstation/ros2_ws/src/video/install/go2_video_decoder/share/ament_index/resource_index/parent_prefix_path/go2_video_decoder
-- Installing: /home/workstation/ros2_ws/src/video/install/go2_video_decoder/share/go2_video_decoder/environment/ament_prefix_path.sh
-- Installing: /home/workstation/ros2_ws/src/video/install/go2_video_decoder/share/go2_video_decoder/environment/ament_prefix_path.dsv
-- Installing: /home/workstation/ros2_ws/src/video/install/go2_video_decoder/share/go2_video_decoder/environment/path.sh
-- Installing: /home/workstation/ros2_ws/src/video/install/go2_video_decoder/share/go2_video_decoder/environment/path.dsv
-- Installing: /home/workstation/ros2_ws/src/video/install/go2_video_decoder/share/go2_video_decoder/local_setup.bash
-- Installing: /home/workstation/ros2_ws/src/video/install/go2_video_decoder/share/go2_video_decoder/local_setup.sh
-- Installing: /home/workstation/ros2_ws/src/video/install/go2_video_decoder/share/go2_video_decoder/local_setup.zsh
-- Installing: /home/workstation/ros2_ws/src/video/install/go2_video_decoder/share/go2_video_decoder/local_setup.dsv
-- Installing: /home/workstation/ros2_ws/src/video/install/go2_video_decoder/share/go2_video_decoder/package.dsv
-- Installing: /home/workstation/ros2_ws/src/video/install/go2_video_decoder/share/ament_index/resource_index/packages/go2_video_decoder
-- Installing: /home/workstation/ros2_ws/src/video/install/go2_video_decoder/share/go2_video_decoder/cmake/ament_cmake_export_include_directories-extras.cmake
-- Installing: /home/workstation/ros2_ws/src/video/install/go2_video_decoder/share/go2_video_decoder/cmake/ament_cmake_export_libraries-extras.cmake
-- Installing: /home/workstation/ros2_ws/src/video/install/go2_video_decoder/share/go2_video_decoder/cmake/ament_cmake_export_dependencies-extras.cmake
-- Installing: /home/workstation/ros2_ws/src/video/install/go2_video_decoder/share/go2_video_decoder/cmake/go2_video_decoderConfig.cmake
-- Installing: /home/workstation/ros2_ws/src/video/install/go2_video_decoder/share/go2_video_decoder/cmake/go2_video_decoderConfig-version.cmake
-- Installing: /home/workstation/ros2_ws/src/video/install/go2_video_decoder/share/go2_video_decoder/package.xml
