[0.022s] Invoking command in '/home/workstation/ros2_ws/src/video/build/go2_video_decoder': CMAKE_PREFIX_PATH=${CMAKE_PREFIX_PATH}:/home/workstation/ros2_ws/install/go2_topics:/opt/ros/foxy /usr/bin/cmake /home/workstation/ros2_ws/src/video/go2_video_decoder -DCMAKE_INSTALL_PREFIX=/home/workstation/ros2_ws/src/video/install/go2_video_decoder
[0.297s] -- The C compiler identification is GNU 9.4.0
[0.521s] -- The CXX compiler identification is GNU 9.4.0
[0.596s] -- Check for working C compiler: /usr/bin/cc
[0.781s] -- Check for working C compiler: /usr/bin/cc -- works
[0.784s] -- Detecting C compiler ABI info
[0.964s] -- Detecting C compiler ABI info - done
[0.980s] -- Detecting C compile features
[0.981s] -- Detecting C compile features - done
[0.986s] -- Check for working CXX compiler: /usr/bin/c++
[1.156s] -- Check for working CXX compiler: /usr/bin/c++ -- works
[1.158s] -- Detecting CXX compiler ABI info
[1.332s] -- Detecting CXX compiler ABI info - done
[1.348s] -- Detecting CXX compile features
[1.349s] -- Detecting CXX compile features - done
[1.355s] -- Found ament_cmake: 0.9.12 (/opt/ros/foxy/share/ament_cmake/cmake)
[1.386s] -- Found PythonInterp: /usr/bin/python3 (found suitable version "3.8.10", minimum required is "3") 
[1.387s] -- Using PYTHON_EXECUTABLE: /usr/bin/python3
[1.632s] -- Found rclcpp: 2.4.3 (/opt/ros/foxy/share/rclcpp/cmake)
[1.796s] -- Using all available rosidl_typesupport_c: rosidl_typesupport_fastrtps_c;rosidl_typesupport_introspection_c
[1.809s] -- Found rosidl_adapter: 1.3.1 (/opt/ros/foxy/share/rosidl_adapter/cmake)
[2.609s] -- Found OpenSSL: /usr/lib/x86_64-linux-gnu/libcrypto.so (found version "1.1.1f")  
[3.340s] -- Found FastRTPS: /opt/ros/foxy/include  
[4.687s] -- Using all available rosidl_typesupport_cpp: rosidl_typesupport_fastrtps_cpp;rosidl_typesupport_introspection_cpp
[4.755s] -- Found rmw_implementation_cmake: 1.0.4 (/opt/ros/foxy/share/rmw_implementation_cmake/cmake)
[4.757s] -- Using RMW implementation 'rmw_cyclonedds_cpp' as default
[4.759s] -- Looking for pthread.h
[4.923s] -- Looking for pthread.h - found
[4.923s] -- Performing Test CMAKE_HAVE_LIBC_PTHREAD
[5.104s] -- Performing Test CMAKE_HAVE_LIBC_PTHREAD - Failed
[5.104s] -- Looking for pthread_create in pthreads
[5.258s] -- Looking for pthread_create in pthreads - not found
[5.258s] -- Looking for pthread_create in pthread
[5.420s] -- Looking for pthread_create in pthread - found
[5.421s] -- Found Threads: TRUE  
[5.595s] -- Found sensor_msgs: 2.0.5 (/opt/ros/foxy/share/sensor_msgs/cmake)
[5.718s] -- Found cv_bridge: 3.0.7 (/opt/ros/foxy/share/cv_bridge/cmake)
[5.753s] -- Found OpenCV: /usr (found version "4.2.0") 
[5.753s] -- Found unitree_go: 0.0.1 (/home/workstation/ros2_ws/install/unitree_go/share/unitree_go/cmake)
[5.766s] -- Found PkgConfig: /usr/bin/pkg-config (found version "0.29.1") 
[5.767s] -- Checking for module 'gstreamer-1.0'
[5.797s] --   Found gstreamer-1.0, version 1.16.3
[5.940s] -- Checking for module 'gstreamer-app-1.0'
[5.969s] --   Found gstreamer-app-1.0, version 1.16.3
[6.251s] -- Configuring done
[6.290s] -- Generating done
[6.309s] -- Build files have been written to: /home/workstation/ros2_ws/src/video/build/go2_video_decoder
[6.321s] Invoked command in '/home/workstation/ros2_ws/src/video/build/go2_video_decoder' returned '0': CMAKE_PREFIX_PATH=${CMAKE_PREFIX_PATH}:/home/workstation/ros2_ws/install/go2_topics:/opt/ros/foxy /usr/bin/cmake /home/workstation/ros2_ws/src/video/go2_video_decoder -DCMAKE_INSTALL_PREFIX=/home/workstation/ros2_ws/src/video/install/go2_video_decoder
[6.327s] Invoking command in '/home/workstation/ros2_ws/src/video/build/go2_video_decoder': CMAKE_PREFIX_PATH=${CMAKE_PREFIX_PATH}:/home/workstation/ros2_ws/install/go2_topics:/opt/ros/foxy /usr/bin/cmake --build /home/workstation/ros2_ws/src/video/build/go2_video_decoder -- -j12 -l12
[6.389s] [35m[1mScanning dependencies of target go2_video_decoder[0m
[6.445s] [ 25%] [32mBuilding CXX object CMakeFiles/go2_video_decoder.dir/src/go2_video_decoder.cpp.o[0m
[8.162s] [01m[K/home/workstation/ros2_ws/src/video/go2_video_decoder/src/go2_video_decoder.cpp:[m[K In static member function ‘[01m[Kstatic gboolean go2_video_decoder::Go2VideoDecoder::busCall(GstBus*, GstMessage*, gpointer)[m[K’:
[8.162s] [01m[K/home/workstation/ros2_ws/src/video/go2_video_decoder/src/go2_video_decoder.cpp:403:43:[m[K [01;35m[Kwarning: [m[Kunused parameter ‘[01m[Kbus[m[K’ [[01;35m[K-Wunused-parameter[m[K]
[8.162s]   403 | gboolean Go2VideoDecoder::busCall([01;35m[KGstBus* bus[m[K, GstMessage* msg, gpointer data) {
[8.162s]       |                                   [01;35m[K~~~~~~~~^~~[m[K
[9.022s] [ 50%] [32m[1mLinking CXX static library libgo2_video_decoder.a[0m
[9.082s] [ 50%] Built target go2_video_decoder
[9.101s] [35m[1mScanning dependencies of target go2_video_decoder_node[0m
[9.192s] [ 75%] [32mBuilding CXX object CMakeFiles/go2_video_decoder_node.dir/src/go2_video_decoder_node.cpp.o[0m
[12.021s] [01m[K/home/workstation/ros2_ws/src/video/go2_video_decoder/src/go2_video_decoder_node.cpp:[m[K In static member function ‘[01m[Kstatic std::string Go2VideoDecoderNode::summarizeH264NALs(const uint8_t*, size_t)[m[K’:
[12.021s] [01m[K/home/workstation/ros2_ws/src/video/go2_video_decoder/src/go2_video_decoder_node.cpp:127:10:[m[K [01;35m[Kwarning: [m[Kvariable ‘[01m[KnalName[m[K’ set but not used [[01;35m[K-Wunused-but-set-variable[m[K]
[12.021s]   127 |     auto [01;35m[KnalName[m[K = [](int t) {
[12.021s]       |          [01;35m[K^~~~~~~[m[K
[12.027s] [01m[K/home/workstation/ros2_ws/src/video/go2_video_decoder/src/go2_video_decoder_node.cpp:[m[K In member function ‘[01m[Kvoid Go2VideoDecoderNode::videoDataCallback(unitree_go::msg::Go2FrontVideoData_<std::allocator<void> >::SharedPtr)[m[K’:
[12.027s] [01m[K/home/workstation/ros2_ws/src/video/go2_video_decoder/src/go2_video_decoder_node.cpp:190:16:[m[K [01;35m[Kwarning: [m[Kunused variable ‘[01m[Klog_count[m[K’ [[01;35m[K-Wunused-variable[m[K]
[12.027s]   190 |     static int [01;35m[Klog_count[m[K = 0;
[12.027s]       |                [01;35m[K^~~~~~~~~[m[K
[17.025s] [100%] [32m[1mLinking CXX executable go2_video_decoder_node[0m
[17.823s] [100%] Built target go2_video_decoder_node
[17.842s] Invoked command in '/home/workstation/ros2_ws/src/video/build/go2_video_decoder' returned '0': CMAKE_PREFIX_PATH=${CMAKE_PREFIX_PATH}:/home/workstation/ros2_ws/install/go2_topics:/opt/ros/foxy /usr/bin/cmake --build /home/workstation/ros2_ws/src/video/build/go2_video_decoder -- -j12 -l12
[17.861s] Invoking command in '/home/workstation/ros2_ws/src/video/build/go2_video_decoder': CMAKE_PREFIX_PATH=${CMAKE_PREFIX_PATH}:/home/workstation/ros2_ws/install/go2_topics:/opt/ros/foxy /usr/bin/cmake --install /home/workstation/ros2_ws/src/video/build/go2_video_decoder
[17.874s] -- Install configuration: ""
[17.874s] -- Installing: /home/workstation/ros2_ws/src/video/install/go2_video_decoder/lib/libgo2_video_decoder.a
[17.876s] -- Installing: /home/workstation/ros2_ws/src/video/install/go2_video_decoder/lib/go2_video_decoder/go2_video_decoder_node
[17.879s] -- Set runtime path of "/home/workstation/ros2_ws/src/video/install/go2_video_decoder/lib/go2_video_decoder/go2_video_decoder_node" to ""
[17.880s] -- Installing: /home/workstation/ros2_ws/src/video/install/go2_video_decoder/include
[17.880s] -- Installing: /home/workstation/ros2_ws/src/video/install/go2_video_decoder/include/go2_video_decoder
[17.880s] -- Installing: /home/workstation/ros2_ws/src/video/install/go2_video_decoder/include/go2_video_decoder/go2_video_decoder.hpp
[17.881s] -- Installing: /home/workstation/ros2_ws/src/video/install/go2_video_decoder/share/go2_video_decoder/environment/library_path.sh
[17.881s] -- Installing: /home/workstation/ros2_ws/src/video/install/go2_video_decoder/share/go2_video_decoder/environment/library_path.dsv
[17.882s] -- Installing: /home/workstation/ros2_ws/src/video/install/go2_video_decoder/share/ament_index/resource_index/package_run_dependencies/go2_video_decoder
[17.883s] -- Installing: /home/workstation/ros2_ws/src/video/install/go2_video_decoder/share/ament_index/resource_index/parent_prefix_path/go2_video_decoder
[17.883s] -- Installing: /home/workstation/ros2_ws/src/video/install/go2_video_decoder/share/go2_video_decoder/environment/ament_prefix_path.sh
[17.883s] -- Installing: /home/workstation/ros2_ws/src/video/install/go2_video_decoder/share/go2_video_decoder/environment/ament_prefix_path.dsv
[17.884s] -- Installing: /home/workstation/ros2_ws/src/video/install/go2_video_decoder/share/go2_video_decoder/environment/path.sh
[17.884s] -- Installing: /home/workstation/ros2_ws/src/video/install/go2_video_decoder/share/go2_video_decoder/environment/path.dsv
[17.884s] -- Installing: /home/workstation/ros2_ws/src/video/install/go2_video_decoder/share/go2_video_decoder/local_setup.bash
[17.884s] -- Installing: /home/workstation/ros2_ws/src/video/install/go2_video_decoder/share/go2_video_decoder/local_setup.sh
[17.885s] -- Installing: /home/workstation/ros2_ws/src/video/install/go2_video_decoder/share/go2_video_decoder/local_setup.zsh
[17.885s] -- Installing: /home/workstation/ros2_ws/src/video/install/go2_video_decoder/share/go2_video_decoder/local_setup.dsv
[17.885s] -- Installing: /home/workstation/ros2_ws/src/video/install/go2_video_decoder/share/go2_video_decoder/package.dsv
[17.885s] -- Installing: /home/workstation/ros2_ws/src/video/install/go2_video_decoder/share/ament_index/resource_index/packages/go2_video_decoder
[17.886s] -- Installing: /home/workstation/ros2_ws/src/video/install/go2_video_decoder/share/go2_video_decoder/cmake/ament_cmake_export_include_directories-extras.cmake
[17.886s] -- Installing: /home/workstation/ros2_ws/src/video/install/go2_video_decoder/share/go2_video_decoder/cmake/ament_cmake_export_libraries-extras.cmake
[17.886s] -- Installing: /home/workstation/ros2_ws/src/video/install/go2_video_decoder/share/go2_video_decoder/cmake/ament_cmake_export_dependencies-extras.cmake
[17.886s] -- Installing: /home/workstation/ros2_ws/src/video/install/go2_video_decoder/share/go2_video_decoder/cmake/go2_video_decoderConfig.cmake
[17.887s] -- Installing: /home/workstation/ros2_ws/src/video/install/go2_video_decoder/share/go2_video_decoder/cmake/go2_video_decoderConfig-version.cmake
[17.887s] -- Installing: /home/workstation/ros2_ws/src/video/install/go2_video_decoder/share/go2_video_decoder/package.xml
[17.890s] Invoked command in '/home/workstation/ros2_ws/src/video/build/go2_video_decoder' returned '0': CMAKE_PREFIX_PATH=${CMAKE_PREFIX_PATH}:/home/workstation/ros2_ws/install/go2_topics:/opt/ros/foxy /usr/bin/cmake --install /home/workstation/ros2_ws/src/video/build/go2_video_decoder
