[0.275s] DEBUG:colcon:Command line arguments: ['/usr/bin/colcon', 'build']
[0.275s] DEBUG:colcon:Parsed command line arguments: Namespace(allow_overriding=[], ament_cmake_args=None, base_paths=['.'], build_base='build', catkin_cmake_args=None, catkin_skip_building_tests=False, cmake_args=None, cmake_clean_cache=False, cmake_clean_first=False, cmake_force_configure=False, cmake_target=None, cmake_target_skip_unavailable=False, continue_on_error=False, event_handlers=None, executor='parallel', ignore_user_meta=False, install_base='install', log_base=None, log_level=None, main=<bound method BuildVerb.main of <colcon_core.verb.build.BuildVerb object at 0x7ced496ba190>>, merge_install=False, metas=['./colcon.meta'], packages_above=None, packages_above_and_dependencies=None, packages_above_depth=None, packages_end=None, packages_ignore=None, packages_ignore_regex=None, packages_select=None, packages_select_build_failed=False, packages_select_by_dep=None, packages_select_regex=None, packages_select_test_failures=False, packages_skip=None, packages_skip_build_finished=False, packages_skip_by_dep=None, packages_skip_regex=None, packages_skip_test_passed=False, packages_skip_up_to=None, packages_start=None, packages_up_to=None, packages_up_to_regex=None, parallel_workers=12, paths=None, symlink_install=False, test_result_base=None, verb_extension=<colcon_core.verb.build.BuildVerb object at 0x7ced496ba190>, verb_name='build', verb_parser=<colcon_defaults.argument_parser.defaults.DefaultArgumentsDecorator object at 0x7ced49580550>)
[0.432s] Level 1:colcon.colcon_core.package_discovery:discover_packages(colcon_meta) check parameters
[0.432s] Level 1:colcon.colcon_core.package_discovery:discover_packages(recursive) check parameters
[0.432s] Level 1:colcon.colcon_core.package_discovery:discover_packages(ignore) check parameters
[0.432s] Level 1:colcon.colcon_core.package_discovery:discover_packages(path) check parameters
[0.432s] Level 1:colcon.colcon_core.package_discovery:discover_packages(colcon_meta) discover
[0.432s] Level 1:colcon.colcon_core.package_discovery:discover_packages(recursive) discover
[0.432s] INFO:colcon.colcon_core.package_discovery:Crawling recursively for packages in '/home/workstation/ros2_ws/src/video'
[0.432s] Level 1:colcon.colcon_core.package_identification:_identify(.) by extensions ['ignore', 'ignore_ament_install']
[0.433s] Level 1:colcon.colcon_core.package_identification:_identify(.) by extension 'ignore'
[0.433s] Level 1:colcon.colcon_core.package_identification:_identify(.) by extension 'ignore_ament_install'
[0.433s] Level 1:colcon.colcon_core.package_identification:_identify(.) by extensions ['colcon_pkg']
[0.433s] Level 1:colcon.colcon_core.package_identification:_identify(.) by extension 'colcon_pkg'
[0.433s] Level 1:colcon.colcon_core.package_identification:_identify(.) by extensions ['colcon_meta']
[0.433s] Level 1:colcon.colcon_core.package_identification:_identify(.) by extension 'colcon_meta'
[0.433s] Level 1:colcon.colcon_core.package_identification:_identify(.) by extensions ['ros']
[0.433s] Level 1:colcon.colcon_core.package_identification:_identify(.) by extension 'ros'
[0.445s] Level 1:colcon.colcon_core.package_identification:_identify(.) by extensions ['cmake', 'python']
[0.445s] Level 1:colcon.colcon_core.package_identification:_identify(.) by extension 'cmake'
[0.445s] Level 1:colcon.colcon_core.package_identification:_identify(.) by extension 'python'
[0.446s] Level 1:colcon.colcon_core.package_identification:_identify(.) by extensions ['python_setup_py']
[0.446s] Level 1:colcon.colcon_core.package_identification:_identify(.) by extension 'python_setup_py'
[0.446s] Level 1:colcon.colcon_core.package_identification:_identify(build) by extensions ['ignore', 'ignore_ament_install']
[0.446s] Level 1:colcon.colcon_core.package_identification:_identify(build) by extension 'ignore'
[0.446s] Level 1:colcon.colcon_core.package_identification:_identify(build) ignored
[0.446s] Level 1:colcon.colcon_core.package_identification:_identify(go2_video_decoder) by extensions ['ignore', 'ignore_ament_install']
[0.446s] Level 1:colcon.colcon_core.package_identification:_identify(go2_video_decoder) by extension 'ignore'
[0.446s] Level 1:colcon.colcon_core.package_identification:_identify(go2_video_decoder) by extension 'ignore_ament_install'
[0.447s] Level 1:colcon.colcon_core.package_identification:_identify(go2_video_decoder) by extensions ['colcon_pkg']
[0.447s] Level 1:colcon.colcon_core.package_identification:_identify(go2_video_decoder) by extension 'colcon_pkg'
[0.447s] Level 1:colcon.colcon_core.package_identification:_identify(go2_video_decoder) by extensions ['colcon_meta']
[0.447s] Level 1:colcon.colcon_core.package_identification:_identify(go2_video_decoder) by extension 'colcon_meta'
[0.447s] Level 1:colcon.colcon_core.package_identification:_identify(go2_video_decoder) by extensions ['ros']
[0.447s] Level 1:colcon.colcon_core.package_identification:_identify(go2_video_decoder) by extension 'ros'
[0.450s] DEBUG:colcon.colcon_core.package_identification:Package 'go2_video_decoder' with type 'ros.ament_cmake' and name 'go2_video_decoder'
[0.450s] Level 1:colcon.colcon_core.package_identification:_identify(install) by extensions ['ignore', 'ignore_ament_install']
[0.450s] Level 1:colcon.colcon_core.package_identification:_identify(install) by extension 'ignore'
[0.450s] Level 1:colcon.colcon_core.package_identification:_identify(install) ignored
[0.450s] Level 1:colcon.colcon_core.package_identification:_identify(log) by extensions ['ignore', 'ignore_ament_install']
[0.450s] Level 1:colcon.colcon_core.package_identification:_identify(log) by extension 'ignore'
[0.450s] Level 1:colcon.colcon_core.package_identification:_identify(log) ignored
[0.450s] Level 1:colcon.colcon_core.package_discovery:discover_packages(recursive) using defaults
[0.450s] Level 1:colcon.colcon_core.package_discovery:discover_packages(ignore) discover
[0.450s] Level 1:colcon.colcon_core.package_discovery:discover_packages(ignore) using defaults
[0.450s] Level 1:colcon.colcon_core.package_discovery:discover_packages(path) discover
[0.450s] Level 1:colcon.colcon_core.package_discovery:discover_packages(path) using defaults
[0.466s] Level 1:colcon.colcon_core.package_discovery:discover_packages(prefix_path) check parameters
[0.466s] Level 1:colcon.colcon_core.package_discovery:discover_packages(prefix_path) discover
[0.468s] WARNING:colcon.colcon_ros.prefix_path.ament:The path '/home/workstation/ros2_ws/install/state_estimator' in the environment variable AMENT_PREFIX_PATH doesn't exist
[0.468s] WARNING:colcon.colcon_ros.prefix_path.ament:The path '/home/workstation/ros2_ws/install/state_estimator_msgs' in the environment variable AMENT_PREFIX_PATH doesn't exist
[0.468s] WARNING:colcon.colcon_ros.prefix_path.ament:The path '/home/workstation/ros2_ws/install/kiss_icp' in the environment variable AMENT_PREFIX_PATH doesn't exist
[0.468s] WARNING:colcon.colcon_ros.prefix_path.ament:The path '/home/workstation/ros2_ws/install/iit_commons' in the environment variable AMENT_PREFIX_PATH doesn't exist
[0.468s] WARNING:colcon.colcon_ros.prefix_path.ament:The path '/home/workstation/ros2_ws/install/go2_topics' in the environment variable AMENT_PREFIX_PATH doesn't exist
[0.468s] WARNING:colcon.colcon_ros.prefix_path.ament:The path '/home/workstation/ros2_ws/install/go2_description' in the environment variable AMENT_PREFIX_PATH doesn't exist
[0.468s] WARNING:colcon.colcon_ros.prefix_path.ament:The path '/home/workstation/ros2_ws/install/go2_cpp' in the environment variable AMENT_PREFIX_PATH doesn't exist
[0.469s] WARNING:colcon.colcon_ros.prefix_path.catkin:The path '/home/workstation/ros2_ws/install/state_estimator' in the environment variable CMAKE_PREFIX_PATH doesn't exist
[0.469s] WARNING:colcon.colcon_ros.prefix_path.catkin:The path '/home/workstation/ros2_ws/install/state_estimator_msgs' in the environment variable CMAKE_PREFIX_PATH doesn't exist
[0.469s] WARNING:colcon.colcon_ros.prefix_path.catkin:The path '/home/workstation/ros2_ws/install/kiss_icp' in the environment variable CMAKE_PREFIX_PATH doesn't exist
[0.469s] WARNING:colcon.colcon_ros.prefix_path.catkin:The path '/home/workstation/ros2_ws/install/iit_commons' in the environment variable CMAKE_PREFIX_PATH doesn't exist
[0.469s] WARNING:colcon.colcon_ros.prefix_path.catkin:The path '/home/workstation/ros2_ws/install/go2_description' in the environment variable CMAKE_PREFIX_PATH doesn't exist
[0.469s] WARNING:colcon.colcon_ros.prefix_path.catkin:The path '/home/workstation/ros2_ws/install/go2_cpp' in the environment variable CMAKE_PREFIX_PATH doesn't exist
[0.470s] DEBUG:colcon.colcon_installed_package_information.package_discovery:Found 1 installed packages in /home/workstation/ros2_ws/src/video/install
[0.470s] DEBUG:colcon.colcon_installed_package_information.package_discovery:Found 2 installed packages in /home/workstation/ros2_ws/install
[0.471s] DEBUG:colcon.colcon_installed_package_information.package_discovery:Found 2 installed packages in /home/workstation/cyclonedds_ws/install
[0.472s] DEBUG:colcon.colcon_installed_package_information.package_discovery:Found 5 installed packages in /home/workstation/mujoco/unitree_ros2/cyclonedds_ws/install
[0.473s] DEBUG:colcon.colcon_installed_package_information.package_discovery:Found 300 installed packages in /opt/ros/foxy
[0.475s] Level 1:colcon.colcon_core.package_discovery:discover_packages(prefix_path) using defaults
[0.569s] Level 5:colcon.colcon_core.verb:set package 'go2_video_decoder' build argument 'cmake_args' from command line to 'None'
[0.569s] Level 5:colcon.colcon_core.verb:set package 'go2_video_decoder' build argument 'cmake_target' from command line to 'None'
[0.569s] Level 5:colcon.colcon_core.verb:set package 'go2_video_decoder' build argument 'cmake_target_skip_unavailable' from command line to 'False'
[0.569s] Level 5:colcon.colcon_core.verb:set package 'go2_video_decoder' build argument 'cmake_clean_cache' from command line to 'False'
[0.569s] Level 5:colcon.colcon_core.verb:set package 'go2_video_decoder' build argument 'cmake_clean_first' from command line to 'False'
[0.569s] Level 5:colcon.colcon_core.verb:set package 'go2_video_decoder' build argument 'cmake_force_configure' from command line to 'False'
[0.569s] Level 5:colcon.colcon_core.verb:set package 'go2_video_decoder' build argument 'ament_cmake_args' from command line to 'None'
[0.569s] Level 5:colcon.colcon_core.verb:set package 'go2_video_decoder' build argument 'catkin_cmake_args' from command line to 'None'
[0.569s] Level 5:colcon.colcon_core.verb:set package 'go2_video_decoder' build argument 'catkin_skip_building_tests' from command line to 'False'
[0.570s] DEBUG:colcon.colcon_core.verb:Building package 'go2_video_decoder' with the following arguments: {'ament_cmake_args': None, 'build_base': '/home/workstation/ros2_ws/src/video/build/go2_video_decoder', 'catkin_cmake_args': None, 'catkin_skip_building_tests': False, 'cmake_args': None, 'cmake_clean_cache': False, 'cmake_clean_first': False, 'cmake_force_configure': False, 'cmake_target': None, 'cmake_target_skip_unavailable': False, 'install_base': '/home/workstation/ros2_ws/src/video/install/go2_video_decoder', 'merge_install': False, 'path': '/home/workstation/ros2_ws/src/video/go2_video_decoder', 'symlink_install': False, 'test_result_base': None}
[0.570s] INFO:colcon.colcon_core.executor:Executing jobs using 'parallel' executor
[0.571s] DEBUG:colcon.colcon_parallel_executor.executor.parallel:run_until_complete
[0.571s] INFO:colcon.colcon_ros.task.ament_cmake.build:Building ROS package in '/home/workstation/ros2_ws/src/video/go2_video_decoder' with build type 'ament_cmake'
[0.571s] INFO:colcon.colcon_cmake.task.cmake.build:Building CMake package in '/home/workstation/ros2_ws/src/video/go2_video_decoder'
[0.574s] INFO:colcon.colcon_core.plugin_system:Skipping extension 'colcon_core.shell.bat': Not used on non-Windows systems
[0.574s] INFO:colcon.colcon_core.shell:Skip shell extension 'powershell' for command environment: Not usable outside of PowerShell
[0.574s] DEBUG:colcon.colcon_core.shell:Skip shell extension 'dsv' for command environment
[0.594s] DEBUG:colcon.colcon_core.event_handler.log_command:Invoking command in '/home/workstation/ros2_ws/src/video/build/go2_video_decoder': CMAKE_PREFIX_PATH=${CMAKE_PREFIX_PATH}:/home/workstation/ros2_ws/install/go2_topics:/opt/ros/foxy /usr/bin/cmake --build /home/workstation/ros2_ws/src/video/build/go2_video_decoder -- -j12 -l12
[4.301s] DEBUG:colcon.colcon_core.event_handler.log_command:Invoked command in '/home/workstation/ros2_ws/src/video/build/go2_video_decoder' returned '0': CMAKE_PREFIX_PATH=${CMAKE_PREFIX_PATH}:/home/workstation/ros2_ws/install/go2_topics:/opt/ros/foxy /usr/bin/cmake --build /home/workstation/ros2_ws/src/video/build/go2_video_decoder -- -j12 -l12
[4.323s] DEBUG:colcon.colcon_core.event_handler.log_command:Invoking command in '/home/workstation/ros2_ws/src/video/build/go2_video_decoder': CMAKE_PREFIX_PATH=${CMAKE_PREFIX_PATH}:/home/workstation/ros2_ws/install/go2_topics:/opt/ros/foxy /usr/bin/cmake --install /home/workstation/ros2_ws/src/video/build/go2_video_decoder
[4.343s] Level 1:colcon.colcon_core.environment:create_environment_scripts_only(go2_video_decoder)
[4.344s] DEBUG:colcon.colcon_core.event_handler.log_command:Invoked command in '/home/workstation/ros2_ws/src/video/build/go2_video_decoder' returned '0': CMAKE_PREFIX_PATH=${CMAKE_PREFIX_PATH}:/home/workstation/ros2_ws/install/go2_topics:/opt/ros/foxy /usr/bin/cmake --install /home/workstation/ros2_ws/src/video/build/go2_video_decoder
[4.348s] Level 1:colcon.colcon_core.environment:checking '/home/workstation/ros2_ws/src/video/install/go2_video_decoder' for CMake module files
[4.349s] Level 1:colcon.colcon_core.environment:checking '/home/workstation/ros2_ws/src/video/install/go2_video_decoder' for CMake config files
[4.349s] Level 1:colcon.colcon_core.shell:create_environment_hook('go2_video_decoder', 'cmake_prefix_path')
[4.349s] INFO:colcon.colcon_core.shell:Creating environment hook '/home/workstation/ros2_ws/src/video/install/go2_video_decoder/share/go2_video_decoder/hook/cmake_prefix_path.ps1'
[4.350s] INFO:colcon.colcon_core.shell:Creating environment descriptor '/home/workstation/ros2_ws/src/video/install/go2_video_decoder/share/go2_video_decoder/hook/cmake_prefix_path.dsv'
[4.351s] INFO:colcon.colcon_core.shell:Creating environment hook '/home/workstation/ros2_ws/src/video/install/go2_video_decoder/share/go2_video_decoder/hook/cmake_prefix_path.sh'
[4.352s] Level 1:colcon.colcon_core.environment:checking '/home/workstation/ros2_ws/src/video/install/go2_video_decoder/lib'
[4.352s] Level 1:colcon.colcon_core.environment:checking '/home/workstation/ros2_ws/src/video/install/go2_video_decoder/bin'
[4.352s] Level 1:colcon.colcon_core.environment:checking '/home/workstation/ros2_ws/src/video/install/go2_video_decoder/lib/pkgconfig/go2_video_decoder.pc'
[4.353s] Level 1:colcon.colcon_core.environment:checking '/home/workstation/ros2_ws/src/video/install/go2_video_decoder/lib/python3.8/site-packages'
[4.353s] Level 1:colcon.colcon_core.environment:checking '/home/workstation/ros2_ws/src/video/install/go2_video_decoder/bin'
[4.353s] INFO:colcon.colcon_core.shell:Creating package script '/home/workstation/ros2_ws/src/video/install/go2_video_decoder/share/go2_video_decoder/package.ps1'
[4.354s] INFO:colcon.colcon_core.shell:Creating package descriptor '/home/workstation/ros2_ws/src/video/install/go2_video_decoder/share/go2_video_decoder/package.dsv'
[4.355s] INFO:colcon.colcon_core.shell:Creating package script '/home/workstation/ros2_ws/src/video/install/go2_video_decoder/share/go2_video_decoder/package.sh'
[4.355s] INFO:colcon.colcon_core.shell:Creating package script '/home/workstation/ros2_ws/src/video/install/go2_video_decoder/share/go2_video_decoder/package.bash'
[4.356s] INFO:colcon.colcon_core.shell:Creating package script '/home/workstation/ros2_ws/src/video/install/go2_video_decoder/share/go2_video_decoder/package.zsh'
[4.357s] Level 1:colcon.colcon_core.environment:create_file_with_runtime_dependencies(/home/workstation/ros2_ws/src/video/install/go2_video_decoder/share/colcon-core/packages/go2_video_decoder)
[4.357s] Level 1:colcon.colcon_core.environment:create_environment_scripts_only(go2_video_decoder)
[4.358s] Level 1:colcon.colcon_core.environment:checking '/home/workstation/ros2_ws/src/video/install/go2_video_decoder' for CMake module files
[4.358s] Level 1:colcon.colcon_core.environment:checking '/home/workstation/ros2_ws/src/video/install/go2_video_decoder' for CMake config files
[4.358s] Level 1:colcon.colcon_core.shell:create_environment_hook('go2_video_decoder', 'cmake_prefix_path')
[4.358s] INFO:colcon.colcon_core.shell:Creating environment hook '/home/workstation/ros2_ws/src/video/install/go2_video_decoder/share/go2_video_decoder/hook/cmake_prefix_path.ps1'
[4.359s] INFO:colcon.colcon_core.shell:Creating environment descriptor '/home/workstation/ros2_ws/src/video/install/go2_video_decoder/share/go2_video_decoder/hook/cmake_prefix_path.dsv'
[4.359s] INFO:colcon.colcon_core.shell:Creating environment hook '/home/workstation/ros2_ws/src/video/install/go2_video_decoder/share/go2_video_decoder/hook/cmake_prefix_path.sh'
[4.360s] Level 1:colcon.colcon_core.environment:checking '/home/workstation/ros2_ws/src/video/install/go2_video_decoder/lib'
[4.360s] Level 1:colcon.colcon_core.environment:checking '/home/workstation/ros2_ws/src/video/install/go2_video_decoder/bin'
[4.360s] Level 1:colcon.colcon_core.environment:checking '/home/workstation/ros2_ws/src/video/install/go2_video_decoder/lib/pkgconfig/go2_video_decoder.pc'
[4.361s] Level 1:colcon.colcon_core.environment:checking '/home/workstation/ros2_ws/src/video/install/go2_video_decoder/lib/python3.8/site-packages'
[4.361s] Level 1:colcon.colcon_core.environment:checking '/home/workstation/ros2_ws/src/video/install/go2_video_decoder/bin'
[4.361s] INFO:colcon.colcon_core.shell:Creating package script '/home/workstation/ros2_ws/src/video/install/go2_video_decoder/share/go2_video_decoder/package.ps1'
[4.362s] INFO:colcon.colcon_core.shell:Creating package descriptor '/home/workstation/ros2_ws/src/video/install/go2_video_decoder/share/go2_video_decoder/package.dsv'
[4.363s] INFO:colcon.colcon_core.shell:Creating package script '/home/workstation/ros2_ws/src/video/install/go2_video_decoder/share/go2_video_decoder/package.sh'
[4.363s] INFO:colcon.colcon_core.shell:Creating package script '/home/workstation/ros2_ws/src/video/install/go2_video_decoder/share/go2_video_decoder/package.bash'
[4.364s] INFO:colcon.colcon_core.shell:Creating package script '/home/workstation/ros2_ws/src/video/install/go2_video_decoder/share/go2_video_decoder/package.zsh'
[4.364s] Level 1:colcon.colcon_core.environment:create_file_with_runtime_dependencies(/home/workstation/ros2_ws/src/video/install/go2_video_decoder/share/colcon-core/packages/go2_video_decoder)
[4.365s] DEBUG:colcon.colcon_parallel_executor.executor.parallel:closing loop
[4.365s] DEBUG:colcon.colcon_parallel_executor.executor.parallel:loop closed
[4.365s] DEBUG:colcon.colcon_parallel_executor.executor.parallel:run_until_complete finished with '0'
[4.365s] DEBUG:colcon.colcon_core.event_reactor:joining thread
[4.399s] INFO:colcon.colcon_core.plugin_system:Skipping extension 'colcon_notification.desktop_notification.notify_send': Could not find 'notify-send'
[4.400s] INFO:colcon.colcon_core.plugin_system:Skipping extension 'colcon_notification.desktop_notification.terminal_notifier': Not used on non-Darwin systems
[4.400s] INFO:colcon.colcon_core.plugin_system:Skipping extension 'colcon_notification.desktop_notification.win32': Not used on non-Windows systems
[4.400s] INFO:colcon.colcon_notification.desktop_notification:Sending desktop notification using 'notify2'
[4.401s] DEBUG:colcon.colcon_notification.desktop_notification.notify2:Failed to initialize notify2: org.freedesktop.DBus.Error.ServiceUnknown: The name org.freedesktop.Notifications was not provided by any .service files
[4.401s] DEBUG:colcon.colcon_core.event_reactor:joined thread
[4.402s] INFO:colcon.colcon_core.shell:Creating prefix script '/home/workstation/ros2_ws/src/video/install/local_setup.ps1'
[4.403s] INFO:colcon.colcon_core.shell:Creating prefix util module '/home/workstation/ros2_ws/src/video/install/_local_setup_util_ps1.py'
[4.404s] INFO:colcon.colcon_core.shell:Creating prefix chain script '/home/workstation/ros2_ws/src/video/install/setup.ps1'
[4.406s] INFO:colcon.colcon_core.shell:Creating prefix script '/home/workstation/ros2_ws/src/video/install/local_setup.sh'
[4.407s] INFO:colcon.colcon_core.shell:Creating prefix util module '/home/workstation/ros2_ws/src/video/install/_local_setup_util_sh.py'
[4.408s] INFO:colcon.colcon_core.shell:Creating prefix chain script '/home/workstation/ros2_ws/src/video/install/setup.sh'
[4.409s] INFO:colcon.colcon_core.shell:Creating prefix script '/home/workstation/ros2_ws/src/video/install/local_setup.bash'
[4.410s] INFO:colcon.colcon_core.shell:Creating prefix chain script '/home/workstation/ros2_ws/src/video/install/setup.bash'
[4.412s] INFO:colcon.colcon_core.shell:Creating prefix script '/home/workstation/ros2_ws/src/video/install/local_setup.zsh'
[4.413s] INFO:colcon.colcon_core.shell:Creating prefix chain script '/home/workstation/ros2_ws/src/video/install/setup.zsh'
