[35m[1mScanning dependencies of target go2_video_decoder[0m
[ 25%] [32mBuilding CXX object CMakeFiles/go2_video_decoder.dir/src/go2_video_decoder.cpp.o[0m
[ 50%] [32m[1mLinking CXX static library libgo2_video_decoder.a[0m
[ 50%] Built target go2_video_decoder
[ 75%] [32m[1mLinking CXX executable go2_video_decoder_node[0m
[100%] Built target go2_video_decoder_node
-- Install configuration: ""
-- Installing: /home/workstation/ros2_ws/src/video/install/go2_video_decoder/lib/libgo2_video_decoder.a
-- Installing: /home/workstation/ros2_ws/src/video/install/go2_video_decoder/lib/go2_video_decoder/go2_video_decoder_node
-- Set runtime path of "/home/workstation/ros2_ws/src/video/install/go2_video_decoder/lib/go2_video_decoder/go2_video_decoder_node" to ""
-- Up-to-date: /home/workstation/ros2_ws/src/video/install/go2_video_decoder/include
-- Up-to-date: /home/workstation/ros2_ws/src/video/install/go2_video_decoder/include/go2_video_decoder
-- Up-to-date: /home/workstation/ros2_ws/src/video/install/go2_video_decoder/include/go2_video_decoder/go2_video_decoder.hpp
-- Up-to-date: /home/workstation/ros2_ws/src/video/install/go2_video_decoder/share/go2_video_decoder/environment/library_path.sh
-- Up-to-date: /home/workstation/ros2_ws/src/video/install/go2_video_decoder/share/go2_video_decoder/environment/library_path.dsv
-- Up-to-date: /home/workstation/ros2_ws/src/video/install/go2_video_decoder/share/ament_index/resource_index/package_run_dependencies/go2_video_decoder
-- Up-to-date: /home/workstation/ros2_ws/src/video/install/go2_video_decoder/share/ament_index/resource_index/parent_prefix_path/go2_video_decoder
-- Up-to-date: /home/workstation/ros2_ws/src/video/install/go2_video_decoder/share/go2_video_decoder/environment/ament_prefix_path.sh
-- Up-to-date: /home/workstation/ros2_ws/src/video/install/go2_video_decoder/share/go2_video_decoder/environment/ament_prefix_path.dsv
-- Up-to-date: /home/workstation/ros2_ws/src/video/install/go2_video_decoder/share/go2_video_decoder/environment/path.sh
-- Up-to-date: /home/workstation/ros2_ws/src/video/install/go2_video_decoder/share/go2_video_decoder/environment/path.dsv
-- Up-to-date: /home/workstation/ros2_ws/src/video/install/go2_video_decoder/share/go2_video_decoder/local_setup.bash
-- Up-to-date: /home/workstation/ros2_ws/src/video/install/go2_video_decoder/share/go2_video_decoder/local_setup.sh
-- Up-to-date: /home/workstation/ros2_ws/src/video/install/go2_video_decoder/share/go2_video_decoder/local_setup.zsh
-- Up-to-date: /home/workstation/ros2_ws/src/video/install/go2_video_decoder/share/go2_video_decoder/local_setup.dsv
-- Installing: /home/workstation/ros2_ws/src/video/install/go2_video_decoder/share/go2_video_decoder/package.dsv
-- Up-to-date: /home/workstation/ros2_ws/src/video/install/go2_video_decoder/share/ament_index/resource_index/packages/go2_video_decoder
-- Up-to-date: /home/workstation/ros2_ws/src/video/install/go2_video_decoder/share/go2_video_decoder/cmake/ament_cmake_export_include_directories-extras.cmake
-- Up-to-date: /home/workstation/ros2_ws/src/video/install/go2_video_decoder/share/go2_video_decoder/cmake/ament_cmake_export_libraries-extras.cmake
-- Up-to-date: /home/workstation/ros2_ws/src/video/install/go2_video_decoder/share/go2_video_decoder/cmake/ament_cmake_export_dependencies-extras.cmake
-- Up-to-date: /home/workstation/ros2_ws/src/video/install/go2_video_decoder/share/go2_video_decoder/cmake/go2_video_decoderConfig.cmake
-- Up-to-date: /home/workstation/ros2_ws/src/video/install/go2_video_decoder/share/go2_video_decoder/cmake/go2_video_decoderConfig-version.cmake
-- Up-to-date: /home/workstation/ros2_ws/src/video/install/go2_video_decoder/share/go2_video_decoder/package.xml
